(node:275084) UnhandledPromiseRejectionWarning: TypeError: Cannot set property 'x' of undefined
    at WebSocket.incoming (D:\dev\TableSpace\server\main.js:108:31)
    at WebSocket.emit (events.js:311:20)
    at Receiver.receiverOnMessage (D:\dev\TableSpace\server\node_modules\express-ws\node_modules\ws\lib\websocket.js:720:20)
    at Receiver.emit (events.js:311:20)
    at Receiver.dataMessage (D:\dev\TableSpace\server\node_modules\express-ws\node_modules\ws\lib\receiver.js:414:14)
    at Receiver.getData (D:\dev\TableSpace\server\node_modules\express-ws\node_modules\ws\lib\receiver.js:346:17)
    at Receiver.startLoop (D:\dev\TableSpace\server\node_modules\express-ws\node_modules\ws\lib\receiver.js:133:22)
    at Receiver._write (D:\dev\TableSpace\server\node_modules\express-ws\node_modules\ws\lib\receiver.js:69:10)
    at doWrite (_stream_writable.js:441:12)
    at writeOrBuffer (_stream_writable.js:425:5)
(node:275084) UnhandledPromiseRejectionWarning: Unhandled promise rejection. This error originated either by throwing inside of an async function without a catch block, or by rejecting a promise which was not handled with .catch(). To terminate the node process on unhandled promise rejection, use the CLI flag `--unhandled-rejections=strict` (see https://nodejs.org/api/cli.html#cli_unhandled_rejections_mode). (rejection id: 1)
(node:275084) [DEP0018] DeprecationWarning: Unhandled promise rejections are deprecated. In the future, promise rejections that are not handled will terminate the Node.js process with a non-zero exit code.
(node:275084) UnhandledPromiseRejectionWarning: TypeError: Cannot set property 'x' of undefined
    at WebSocket.incoming (D:\dev\TableSpace\server\main.js:108:31)
    at WebSocket.emit (events.js:311:20)
    at Receiver.receiverOnMessage (D:\dev\TableSpace\server\node_modules\express-ws\node_modules\ws\lib\websocket.js:720:20)
    at Receiver.emit (events.js:311:20)
    at Receiver.dataMessage (D:\dev\TableSpace\server\node_modules\express-ws\node_modules\ws\lib\receiver.js:414:14)
    at Receiver.getData (D:\dev\TableSpace\server\node_modules\express-ws\node_modules\ws\lib\receiver.js:346:17)
    at Receiver.startLoop (D:\dev\TableSpace\server\node_modules\express-ws\node_modules\ws\lib\receiver.js:133:22)
    at Receiver._write (D:\dev\TableSpace\server\node_modules\express-ws\node_modules\ws\lib\receiver.js:69:10)
    at doWrite (_stream_writable.js:441:12)
    at writeOrBuffer (_stream_writable.js:425:5)
(node:275084) UnhandledPromiseRejectionWarning: Unhandled promise rejection. This error originated either by throwing inside of an async function without a catch block, or by rejecting a promise which was not handled with .catch(). To terminate the node process on unhandled promise rejection, use the CLI flag `--unhandled-rejections=strict` (see https://nodejs.org/api/cli.html#cli_unhandled_rejections_mode). (rejection id: 2)
(node:275084) UnhandledPromiseRejectionWarning: TypeError: Cannot set property 'x' of undefined
    at WebSocket.incoming (D:\dev\TableSpace\server\main.js:108:31)
    at WebSocket.emit (events.js:311:20)
    at Receiver.receiverOnMessage (D:\dev\TableSpace\server\node_modules\express-ws\node_modules\ws\lib\websocket.js:720:20)
    at Receiver.emit (events.js:311:20)
    at Receiver.dataMessage (D:\dev\TableSpace\server\node_modules\express-ws\node_modules\ws\lib\receiver.js:414:14)
    at Receiver.getData (D:\dev\TableSpace\server\node_modules\express-ws\node_modules\ws\lib\receiver.js:346:17)
    at Receiver.startLoop (D:\dev\TableSpace\server\node_modules\express-ws\node_modules\ws\lib\receiver.js:133:22)
    at Receiver._write (D:\dev\TableSpace\server\node_modules\express-ws\node_modules\ws\lib\receiver.js:69:10)
    at doWrite (_stream_writable.js:441:12)
    at writeOrBuffer (_stream_writable.js:425:5)
(node:275084) UnhandledPromiseRejectionWarning: Unhandled promise rejection. This error originated either by throwing inside of an async function without a catch block, or by rejecting a promise which was not handled with .catch(). To terminate the node process on unhandled promise rejection, use the CLI flag `--unhandled-rejections=strict` (see https://nodejs.org/api/cli.html#cli_unhandled_rejections_mode). (rejection id: 3)
(node:275084) UnhandledPromiseRejectionWarning: TypeError: Cannot set property 'x' of undefined
    at WebSocket.incoming (D:\dev\TableSpace\server\main.js:108:31)
    at WebSocket.emit (events.js:311:20)
    at Receiver.receiverOnMessage (D:\dev\TableSpace\server\node_modules\express-ws\node_modules\ws\lib\websocket.js:720:20)
    at Receiver.emit (events.js:311:20)
    at Receiver.dataMessage (D:\dev\TableSpace\server\node_modules\express-ws\node_modules\ws\lib\receiver.js:414:14)
    at Receiver.getData (D:\dev\TableSpace\server\node_modules\express-ws\node_modules\ws\lib\receiver.js:346:17)
    at Receiver.startLoop (D:\dev\TableSpace\server\node_modules\express-ws\node_modules\ws\lib\receiver.js:133:22)
    at Receiver._write (D:\dev\TableSpace\server\node_modules\express-ws\node_modules\ws\lib\receiver.js:69:10)
    at doWrite (_stream_writable.js:441:12)
    at writeOrBuffer (_stream_writable.js:425:5)
(node:275084) UnhandledPromiseRejectionWarning: Unhandled promise rejection. This error originated either by throwing inside of an async function without a catch block, or by rejecting a promise which was not handled with .catch(). To terminate the node process on unhandled promise rejection, use the CLI flag `--unhandled-rejections=strict` (see https://nodejs.org/api/cli.html#cli_unhandled_rejections_mode). (rejection id: 4)
(node:275084) UnhandledPromiseRejectionWarning: TypeError: Cannot set property 'x' of undefined
    at WebSocket.incoming (D:\dev\TableSpace\server\main.js:108:31)
    at WebSocket.emit (events.js:311:20)
    at Receiver.receiverOnMessage (D:\dev\TableSpace\server\node_modules\express-ws\node_modules\ws\lib\websocket.js:720:20)
    at Receiver.emit (events.js:311:20)
    at Receiver.dataMessage (D:\dev\TableSpace\server\node_modules\express-ws\node_modules\ws\lib\receiver.js:414:14)
    at Receiver.getData (D:\dev\TableSpace\server\node_modules\express-ws\node_modules\ws\lib\receiver.js:346:17)
    at Receiver.startLoop (D:\dev\TableSpace\server\node_modules\express-ws\node_modules\ws\lib\receiver.js:133:22)
    at Receiver._write (D:\dev\TableSpace\server\node_modules\express-ws\node_modules\ws\lib\receiver.js:69:10)
    at doWrite (_stream_writable.js:441:12)
    at writeOrBuffer (_stream_writable.js:425:5)
(node:275084) UnhandledPromiseRejectionWarning: Unhandled promise rejection. This error originated either by throwing inside of an async function without a catch block, or by rejecting a promise which was not handled with .catch(). To terminate the node process on unhandled promise rejection, use the CLI flag `--unhandled-rejections=strict` (see https://nodejs.org/api/cli.html#cli_unhandled_rejections_mode). (rejection id: 5)
(node:275084) UnhandledPromiseRejectionWarning: TypeError: Cannot set property 'x' of undefined
    at WebSocket.incoming (D:\dev\TableSpace\server\main.js:108:31)
    at WebSocket.emit (events.js:311:20)
    at Receiver.receiverOnMessage (D:\dev\TableSpace\server\node_modules\express-ws\node_modules\ws\lib\websocket.js:720:20)
    at Receiver.emit (events.js:311:20)
    at Receiver.dataMessage (D:\dev\TableSpace\server\node_modules\express-ws\node_modules\ws\lib\receiver.js:414:14)
    at Receiver.getData (D:\dev\TableSpace\server\node_modules\express-ws\node_modules\ws\lib\receiver.js:346:17)
    at Receiver.startLoop (D:\dev\TableSpace\server\node_modules\express-ws\node_modules\ws\lib\receiver.js:133:22)
    at Receiver._write (D:\dev\TableSpace\server\node_modules\express-ws\node_modules\ws\lib\receiver.js:69:10)
    at doWrite (_stream_writable.js:441:12)
    at writeOrBuffer (_stream_writable.js:425:5)
(node:275084) UnhandledPromiseRejectionWarning: Unhandled promise rejection. This error originated either by throwing inside of an async function without a catch block, or by rejecting a promise which was not handled with .catch(). To terminate the node process on unhandled promise rejection, use the CLI flag `--unhandled-rejections=strict` (see https://nodejs.org/api/cli.html#cli_unhandled_rejections_mode). (rejection id: 6)
(node:275084) UnhandledPromiseRejectionWarning: TypeError: Cannot set property 'x' of undefined
    at WebSocket.incoming (D:\dev\TableSpace\server\main.js:108:31)
    at WebSocket.emit (events.js:311:20)
    at Receiver.receiverOnMessage (D:\dev\TableSpace\server\node_modules\express-ws\node_modules\ws\lib\websocket.js:720:20)
    at Receiver.emit (events.js:311:20)
    at Receiver.dataMessage (D:\dev\TableSpace\server\node_modules\express-ws\node_modules\ws\lib\receiver.js:414:14)
    at Receiver.getData (D:\dev\TableSpace\server\node_modules\express-ws\node_modules\ws\lib\receiver.js:346:17)
    at Receiver.startLoop (D:\dev\TableSpace\server\node_modules\express-ws\node_modules\ws\lib\receiver.js:133:22)
    at Receiver._write (D:\dev\TableSpace\server\node_modules\express-ws\node_modules\ws\lib\receiver.js:69:10)
    at doWrite (_stream_writable.js:441:12)
    at writeOrBuffer (_stream_writable.js:425:5)
(node:275084) UnhandledPromiseRejectionWarning: Unhandled promise rejection. This error originated either by throwing inside of an async function without a catch block, or by rejecting a promise which was not handled with .catch(). To terminate the node process on unhandled promise rejection, use the CLI flag `--unhandled-rejections=strict` (see https://nodejs.org/api/cli.html#cli_unhandled_rejections_mode). (rejection id: 7)
(node:275084) UnhandledPromiseRejectionWarning: TypeError: Cannot set property 'x' of undefined
    at WebSocket.incoming (D:\dev\TableSpace\server\main.js:108:31)
    at WebSocket.emit (events.js:311:20)
    at Receiver.receiverOnMessage (D:\dev\TableSpace\server\node_modules\express-ws\node_modules\ws\lib\websocket.js:720:20)
    at Receiver.emit (events.js:311:20)
    at Receiver.dataMessage (D:\dev\TableSpace\server\node_modules\express-ws\node_modules\ws\lib\receiver.js:414:14)
    at Receiver.getData (D:\dev\TableSpace\server\node_modules\express-ws\node_modules\ws\lib\receiver.js:346:17)
    at Receiver.startLoop (D:\dev\TableSpace\server\node_modules\express-ws\node_modules\ws\lib\receiver.js:133:22)
    at Receiver._write (D:\dev\TableSpace\server\node_modules\express-ws\node_modules\ws\lib\receiver.js:69:10)
    at doWrite (_stream_writable.js:441:12)
    at writeOrBuffer (_stream_writable.js:425:5)
(node:275084) UnhandledPromiseRejectionWarning: Unhandled promise rejection. This error originated either by throwing inside of an async function without a catch block, or by rejecting a promise which was not handled with .catch(). To terminate the node process on unhandled promise rejection, use the CLI flag `--unhandled-rejections=strict` (see https://nodejs.org/api/cli.html#cli_unhandled_rejections_mode). (rejection id: 8)
(node:275084) UnhandledPromiseRejectionWarning: TypeError: Cannot set property 'x' of undefined
    at WebSocket.incoming (D:\dev\TableSpace\server\main.js:108:31)
    at WebSocket.emit (events.js:311:20)
    at Receiver.receiverOnMessage (D:\dev\TableSpace\server\node_modules\express-ws\node_modules\ws\lib\websocket.js:720:20)
    at Receiver.emit (events.js:311:20)
    at Receiver.dataMessage (D:\dev\TableSpace\server\node_modules\express-ws\node_modules\ws\lib\receiver.js:414:14)
    at Receiver.getData (D:\dev\TableSpace\server\node_modules\express-ws\node_modules\ws\lib\receiver.js:346:17)
    at Receiver.startLoop (D:\dev\TableSpace\server\node_modules\express-ws\node_modules\ws\lib\receiver.js:133:22)
    at Receiver._write (D:\dev\TableSpace\server\node_modules\express-ws\node_modules\ws\lib\receiver.js:69:10)
    at doWrite (_stream_writable.js:441:12)
    at writeOrBuffer (_stream_writable.js:425:5)
(node:275084) UnhandledPromiseRejectionWarning: Unhandled promise rejection. This error originated either by throwing inside of an async function without a catch block, or by rejecting a promise which was not handled with .catch(). To terminate the node process on unhandled promise rejection, use the CLI flag `--unhandled-rejections=strict` (see https://nodejs.org/api/cli.html#cli_unhandled_rejections_mode). (rejection id: 9)
(node:275084) UnhandledPromiseRejectionWarning: TypeError: Cannot set property 'x' of undefined
    at WebSocket.incoming (D:\dev\TableSpace\server\main.js:108:31)
    at WebSocket.emit (events.js:311:20)
    at Receiver.receiverOnMessage (D:\dev\TableSpace\server\node_modules\express-ws\node_modules\ws\lib\websocket.js:720:20)
    at Receiver.emit (events.js:311:20)
    at Receiver.dataMessage (D:\dev\TableSpace\server\node_modules\express-ws\node_modules\ws\lib\receiver.js:414:14)
    at Receiver.getData (D:\dev\TableSpace\server\node_modules\express-ws\node_modules\ws\lib\receiver.js:346:17)
    at Receiver.startLoop (D:\dev\TableSpace\server\node_modules\express-ws\node_modules\ws\lib\receiver.js:133:22)
    at Receiver._write (D:\dev\TableSpace\server\node_modules\express-ws\node_modules\ws\lib\receiver.js:69:10)
    at doWrite (_stream_writable.js:441:12)
    at writeOrBuffer (_stream_writable.js:425:5)
(node:275084) UnhandledPromiseRejectionWarning: Unhandled promise rejection. This error originated either by throwing inside of an async function without a catch block, or by rejecting a promise which was not handled with .catch(). To terminate the node process on unhandled promise rejection, use the CLI flag `--unhandled-rejections=strict` (see https://nodejs.org/api/cli.html#cli_unhandled_rejections_mode). (rejection id: 10)
(node:275084) UnhandledPromiseRejectionWarning: TypeError: Cannot set property 'x' of undefined
    at WebSocket.incoming (D:\dev\TableSpace\server\main.js:108:31)
    at WebSocket.emit (events.js:311:20)
    at Receiver.receiverOnMessage (D:\dev\TableSpace\server\node_modules\express-ws\node_modules\ws\lib\websocket.js:720:20)
    at Receiver.emit (events.js:311:20)
    at Receiver.dataMessage (D:\dev\TableSpace\server\node_modules\express-ws\node_modules\ws\lib\receiver.js:414:14)
    at Receiver.getData (D:\dev\TableSpace\server\node_modules\express-ws\node_modules\ws\lib\receiver.js:346:17)
    at Receiver.startLoop (D:\dev\TableSpace\server\node_modules\express-ws\node_modules\ws\lib\receiver.js:133:22)
    at Receiver._write (D:\dev\TableSpace\server\node_modules\express-ws\node_modules\ws\lib\receiver.js:69:10)
    at doWrite (_stream_writable.js:441:12)
    at writeOrBuffer (_stream_writable.js:425:5)
(node:275084) UnhandledPromiseRejectionWarning: Unhandled promise rejection. This error originated either by throwing inside of an async function without a catch block, or by rejecting a promise which was not handled with .catch(). To terminate the node process on unhandled promise rejection, use the CLI flag `--unhandled-rejections=strict` (see https://nodejs.org/api/cli.html#cli_unhandled_rejections_mode). (rejection id: 11)
(node:275084) UnhandledPromiseRejectionWarning: TypeError: Cannot set property 'x' of undefined
    at WebSocket.incoming (D:\dev\TableSpace\server\main.js:108:31)
    at WebSocket.emit (events.js:311:20)
    at Receiver.receiverOnMessage (D:\dev\TableSpace\server\node_modules\express-ws\node_modules\ws\lib\websocket.js:720:20)
    at Receiver.emit (events.js:311:20)
    at Receiver.dataMessage (D:\dev\TableSpace\server\node_modules\express-ws\node_modules\ws\lib\receiver.js:414:14)
    at Receiver.getData (D:\dev\TableSpace\server\node_modules\express-ws\node_modules\ws\lib\receiver.js:346:17)
    at Receiver.startLoop (D:\dev\TableSpace\server\node_modules\express-ws\node_modules\ws\lib\receiver.js:133:22)
    at Receiver._write (D:\dev\TableSpace\server\node_modules\express-ws\node_modules\ws\lib\receiver.js:69:10)
    at doWrite (_stream_writable.js:441:12)
    at writeOrBuffer (_stream_writable.js:425:5)
(node:275084) UnhandledPromiseRejectionWarning: Unhandled promise rejection. This error originated either by throwing inside of an async function without a catch block, or by rejecting a promise which was not handled with .catch(). To terminate the node process on unhandled promise rejection, use the CLI flag `--unhandled-rejections=strict` (see https://nodejs.org/api/cli.html#cli_unhandled_rejections_mode). (rejection id: 12)
(node:275084) UnhandledPromiseRejectionWarning: TypeError: Cannot set property 'x' of undefined
    at WebSocket.incoming (D:\dev\TableSpace\server\main.js:108:31)
    at WebSocket.emit (events.js:311:20)
    at Receiver.receiverOnMessage (D:\dev\TableSpace\server\node_modules\express-ws\node_modules\ws\lib\websocket.js:720:20)
    at Receiver.emit (events.js:311:20)
    at Receiver.dataMessage (D:\dev\TableSpace\server\node_modules\express-ws\node_modules\ws\lib\receiver.js:414:14)
    at Receiver.getData (D:\dev\TableSpace\server\node_modules\express-ws\node_modules\ws\lib\receiver.js:346:17)
    at Receiver.startLoop (D:\dev\TableSpace\server\node_modules\express-ws\node_modules\ws\lib\receiver.js:133:22)
    at Receiver._write (D:\dev\TableSpace\server\node_modules\express-ws\node_modules\ws\lib\receiver.js:69:10)
    at doWrite (_stream_writable.js:441:12)
    at writeOrBuffer (_stream_writable.js:425:5)
(node:275084) UnhandledPromiseRejectionWarning: Unhandled promise rejection. This error originated either by throwing inside of an async function without a catch block, or by rejecting a promise which was not handled with .catch(). To terminate the node process on unhandled promise rejection, use the CLI flag `--unhandled-rejections=strict` (see https://nodejs.org/api/cli.html#cli_unhandled_rejections_mode). (rejection id: 13)
(node:275084) UnhandledPromiseRejectionWarning: TypeError: Cannot set property 'x' of undefined
    at WebSocket.incoming (D:\dev\TableSpace\server\main.js:108:31)
    at WebSocket.emit (events.js:311:20)
    at Receiver.receiverOnMessage (D:\dev\TableSpace\server\node_modules\express-ws\node_modules\ws\lib\websocket.js:720:20)
    at Receiver.emit (events.js:311:20)
    at Receiver.dataMessage (D:\dev\TableSpace\server\node_modules\express-ws\node_modules\ws\lib\receiver.js:414:14)
    at Receiver.getData (D:\dev\TableSpace\server\node_modules\express-ws\node_modules\ws\lib\receiver.js:346:17)
    at Receiver.startLoop (D:\dev\TableSpace\server\node_modules\express-ws\node_modules\ws\lib\receiver.js:133:22)
    at Receiver._write (D:\dev\TableSpace\server\node_modules\express-ws\node_modules\ws\lib\receiver.js:69:10)
    at doWrite (_stream_writable.js:441:12)
    at writeOrBuffer (_stream_writable.js:425:5)
(node:275084) UnhandledPromiseRejectionWarning: Unhandled promise rejection. This error originated either by throwing inside of an async function without a catch block, or by rejecting a promise which was not handled with .catch(). To terminate the node process on unhandled promise rejection, use the CLI flag `--unhandled-rejections=strict` (see https://nodejs.org/api/cli.html#cli_unhandled_rejections_mode). (rejection id: 14)
(node:275084) UnhandledPromiseRejectionWarning: TypeError: Cannot set property 'x' of undefined
    at WebSocket.incoming (D:\dev\TableSpace\server\main.js:108:31)
    at WebSocket.emit (events.js:311:20)
    at Receiver.receiverOnMessage (D:\dev\TableSpace\server\node_modules\express-ws\node_modules\ws\lib\websocket.js:720:20)
    at Receiver.emit (events.js:311:20)
    at Receiver.dataMessage (D:\dev\TableSpace\server\node_modules\express-ws\node_modules\ws\lib\receiver.js:414:14)
    at Receiver.getData (D:\dev\TableSpace\server\node_modules\express-ws\node_modules\ws\lib\receiver.js:346:17)
    at Receiver.startLoop (D:\dev\TableSpace\server\node_modules\express-ws\node_modules\ws\lib\receiver.js:133:22)
    at Receiver._write (D:\dev\TableSpace\server\node_modules\express-ws\node_modules\ws\lib\receiver.js:69:10)
    at doWrite (_stream_writable.js:441:12)
    at writeOrBuffer (_stream_writable.js:425:5)
(node:275084) UnhandledPromiseRejectionWarning: Unhandled promise rejection. This error originated either by throwing inside of an async function without a catch block, or by rejecting a promise which was not handled with .catch(). To terminate the node process on unhandled promise rejection, use the CLI flag `--unhandled-rejections=strict` (see https://nodejs.org/api/cli.html#cli_unhandled_rejections_mode). (rejection id: 15)
(node:275084) UnhandledPromiseRejectionWarning: TypeError: Cannot set property 'x' of undefined
    at WebSocket.incoming (D:\dev\TableSpace\server\main.js:108:31)
    at WebSocket.emit (events.js:311:20)
    at Receiver.receiverOnMessage (D:\dev\TableSpace\server\node_modules\express-ws\node_modules\ws\lib\websocket.js:720:20)
    at Receiver.emit (events.js:311:20)
    at Receiver.dataMessage (D:\dev\TableSpace\server\node_modules\express-ws\node_modules\ws\lib\receiver.js:414:14)
    at Receiver.getData (D:\dev\TableSpace\server\node_modules\express-ws\node_modules\ws\lib\receiver.js:346:17)
    at Receiver.startLoop (D:\dev\TableSpace\server\node_modules\express-ws\node_modules\ws\lib\receiver.js:133:22)
    at Receiver._write (D:\dev\TableSpace\server\node_modules\express-ws\node_modules\ws\lib\receiver.js:69:10)
    at doWrite (_stream_writable.js:441:12)
    at writeOrBuffer (_stream_writable.js:425:5)
(node:275084) UnhandledPromiseRejectionWarning: Unhandled promise rejection. This error originated either by throwing inside of an async function without a catch block, or by rejecting a promise which was not handled with .catch(). To terminate the node process on unhandled promise rejection, use the CLI flag `--unhandled-rejections=strict` (see https://nodejs.org/api/cli.html#cli_unhandled_rejections_mode). (rejection id: 16)
(node:275084) UnhandledPromiseRejectionWarning: TypeError: Cannot set property 'x' of undefined
    at WebSocket.incoming (D:\dev\TableSpace\server\main.js:108:31)
    at WebSocket.emit (events.js:311:20)
    at Receiver.receiverOnMessage (D:\dev\TableSpace\server\node_modules\express-ws\node_modules\ws\lib\websocket.js:720:20)
    at Receiver.emit (events.js:311:20)
    at Receiver.dataMessage (D:\dev\TableSpace\server\node_modules\express-ws\node_modules\ws\lib\receiver.js:414:14)
    at Receiver.getData (D:\dev\TableSpace\server\node_modules\express-ws\node_modules\ws\lib\receiver.js:346:17)
    at Receiver.startLoop (D:\dev\TableSpace\server\node_modules\express-ws\node_modules\ws\lib\receiver.js:133:22)
    at Receiver._write (D:\dev\TableSpace\server\node_modules\express-ws\node_modules\ws\lib\receiver.js:69:10)
    at doWrite (_stream_writable.js:441:12)
    at writeOrBuffer (_stream_writable.js:425:5)
(node:275084) UnhandledPromiseRejectionWarning: Unhandled promise rejection. This error originated either by throwing inside of an async function without a catch block, or by rejecting a promise which was not handled with .catch(). To terminate the node process on unhandled promise rejection, use the CLI flag `--unhandled-rejections=strict` (see https://nodejs.org/api/cli.html#cli_unhandled_rejections_mode). (rejection id: 17)
(node:275084) UnhandledPromiseRejectionWarning: TypeError: Cannot set property 'x' of undefined
    at WebSocket.incoming (D:\dev\TableSpace\server\main.js:108:31)
    at WebSocket.emit (events.js:311:20)
    at Receiver.receiverOnMessage (D:\dev\TableSpace\server\node_modules\express-ws\node_modules\ws\lib\websocket.js:720:20)
    at Receiver.emit (events.js:311:20)
    at Receiver.dataMessage (D:\dev\TableSpace\server\node_modules\express-ws\node_modules\ws\lib\receiver.js:414:14)
    at Receiver.getData (D:\dev\TableSpace\server\node_modules\express-ws\node_modules\ws\lib\receiver.js:346:17)
    at Receiver.startLoop (D:\dev\TableSpace\server\node_modules\express-ws\node_modules\ws\lib\receiver.js:133:22)
    at Receiver._write (D:\dev\TableSpace\server\node_modules\express-ws\node_modules\ws\lib\receiver.js:69:10)
    at doWrite (_stream_writable.js:441:12)
    at writeOrBuffer (_stream_writable.js:425:5)
(node:275084) UnhandledPromiseRejectionWarning: Unhandled promise rejection. This error originated either by throwing inside of an async function without a catch block, or by rejecting a promise which was not handled with .catch(). To terminate the node process on unhandled promise rejection, use the CLI flag `--unhandled-rejections=strict` (see https://nodejs.org/api/cli.html#cli_unhandled_rejections_mode). (rejection id: 18)
(node:275084) UnhandledPromiseRejectionWarning: TypeError: Cannot set property 'x' of undefined
    at WebSocket.incoming (D:\dev\TableSpace\server\main.js:108:31)
    at WebSocket.emit (events.js:311:20)
    at Receiver.receiverOnMessage (D:\dev\TableSpace\server\node_modules\express-ws\node_modules\ws\lib\websocket.js:720:20)
    at Receiver.emit (events.js:311:20)
    at Receiver.dataMessage (D:\dev\TableSpace\server\node_modules\express-ws\node_modules\ws\lib\receiver.js:414:14)
    at Receiver.getData (D:\dev\TableSpace\server\node_modules\express-ws\node_modules\ws\lib\receiver.js:346:17)
    at Receiver.startLoop (D:\dev\TableSpace\server\node_modules\express-ws\node_modules\ws\lib\receiver.js:133:22)
    at Receiver._write (D:\dev\TableSpace\server\node_modules\express-ws\node_modules\ws\lib\receiver.js:69:10)
    at doWrite (_stream_writable.js:441:12)
    at writeOrBuffer (_stream_writable.js:425:5)
(node:275084) UnhandledPromiseRejectionWarning: Unhandled promise rejection. This error originated either by throwing inside of an async function without a catch block, or by rejecting a promise which was not handled with .catch(). To terminate the node process on unhandled promise rejection, use the CLI flag `--unhandled-rejections=strict` (see https://nodejs.org/api/cli.html#cli_unhandled_rejections_mode). (rejection id: 19)
(node:275084) UnhandledPromiseRejectionWarning: TypeError: Cannot set property 'x' of undefined
    at WebSocket.incoming (D:\dev\TableSpace\server\main.js:108:31)
    at WebSocket.emit (events.js:311:20)
    at Receiver.receiverOnMessage (D:\dev\TableSpace\server\node_modules\express-ws\node_modules\ws\lib\websocket.js:720:20)
    at Receiver.emit (events.js:311:20)
    at Receiver.dataMessage (D:\dev\TableSpace\server\node_modules\express-ws\node_modules\ws\lib\receiver.js:414:14)
    at Receiver.getData (D:\dev\TableSpace\server\node_modules\express-ws\node_modules\ws\lib\receiver.js:346:17)
    at Receiver.startLoop (D:\dev\TableSpace\server\node_modules\express-ws\node_modules\ws\lib\receiver.js:133:22)
    at Receiver._write (D:\dev\TableSpace\server\node_modules\express-ws\node_modules\ws\lib\receiver.js:69:10)
    at doWrite (_stream_writable.js:441:12)
    at writeOrBuffer (_stream_writable.js:425:5)
(node:275084) UnhandledPromiseRejectionWarning: Unhandled promise rejection. This error originated either by throwing inside of an async function without a catch block, or by rejecting a promise which was not handled with .catch(). To terminate the node process on unhandled promise rejection, use the CLI flag `--unhandled-rejections=strict` (see https://nodejs.org/api/cli.html#cli_unhandled_rejections_mode). (rejection id: 20)
(node:275084) UnhandledPromiseRejectionWarning: TypeError: Cannot set property 'x' of undefined
    at WebSocket.incoming (D:\dev\TableSpace\server\main.js:108:31)
    at WebSocket.emit (events.js:311:20)
    at Receiver.receiverOnMessage (D:\dev\TableSpace\server\node_modules\express-ws\node_modules\ws\lib\websocket.js:720:20)
    at Receiver.emit (events.js:311:20)
    at Receiver.dataMessage (D:\dev\TableSpace\server\node_modules\express-ws\node_modules\ws\lib\receiver.js:414:14)
    at Receiver.getData (D:\dev\TableSpace\server\node_modules\express-ws\node_modules\ws\lib\receiver.js:346:17)
    at Receiver.startLoop (D:\dev\TableSpace\server\node_modules\express-ws\node_modules\ws\lib\receiver.js:133:22)
    at Receiver._write (D:\dev\TableSpace\server\node_modules\express-ws\node_modules\ws\lib\receiver.js:69:10)
    at doWrite (_stream_writable.js:441:12)
    at writeOrBuffer (_stream_writable.js:425:5)
(node:275084) UnhandledPromiseRejectionWarning: Unhandled promise rejection. This error originated either by throwing inside of an async function without a catch block, or by rejecting a promise which was not handled with .catch(). To terminate the node process on unhandled promise rejection, use the CLI flag `--unhandled-rejections=strict` (see https://nodejs.org/api/cli.html#cli_unhandled_rejections_mode). (rejection id: 21)
(node:275084) UnhandledPromiseRejectionWarning: TypeError: Cannot set property 'x' of undefined
    at WebSocket.incoming (D:\dev\TableSpace\server\main.js:108:31)
    at WebSocket.emit (events.js:311:20)
    at Receiver.receiverOnMessage (D:\dev\TableSpace\server\node_modules\express-ws\node_modules\ws\lib\websocket.js:720:20)
    at Receiver.emit (events.js:311:20)
    at Receiver.dataMessage (D:\dev\TableSpace\server\node_modules\express-ws\node_modules\ws\lib\receiver.js:414:14)
    at Receiver.getData (D:\dev\TableSpace\server\node_modules\express-ws\node_modules\ws\lib\receiver.js:346:17)
    at Receiver.startLoop (D:\dev\TableSpace\server\node_modules\express-ws\node_modules\ws\lib\receiver.js:133:22)
    at Receiver._write (D:\dev\TableSpace\server\node_modules\express-ws\node_modules\ws\lib\receiver.js:69:10)
    at doWrite (_stream_writable.js:441:12)
    at writeOrBuffer (_stream_writable.js:425:5)
(node:275084) UnhandledPromiseRejectionWarning: Unhandled promise rejection. This error originated either by throwing inside of an async function without a catch block, or by rejecting a promise which was not handled with .catch(). To terminate the node process on unhandled promise rejection, use the CLI flag `--unhandled-rejections=strict` (see https://nodejs.org/api/cli.html#cli_unhandled_rejections_mode). (rejection id: 22)
(node:275084) UnhandledPromiseRejectionWarning: TypeError: Cannot set property 'x' of undefined
    at WebSocket.incoming (D:\dev\TableSpace\server\main.js:108:31)
    at WebSocket.emit (events.js:311:20)
    at Receiver.receiverOnMessage (D:\dev\TableSpace\server\node_modules\express-ws\node_modules\ws\lib\websocket.js:720:20)
    at Receiver.emit (events.js:311:20)
    at Receiver.dataMessage (D:\dev\TableSpace\server\node_modules\express-ws\node_modules\ws\lib\receiver.js:414:14)
    at Receiver.getData (D:\dev\TableSpace\server\node_modules\express-ws\node_modules\ws\lib\receiver.js:346:17)
    at Receiver.startLoop (D:\dev\TableSpace\server\node_modules\express-ws\node_modules\ws\lib\receiver.js:133:22)
    at Receiver._write (D:\dev\TableSpace\server\node_modules\express-ws\node_modules\ws\lib\receiver.js:69:10)
    at doWrite (_stream_writable.js:441:12)
    at writeOrBuffer (_stream_writable.js:425:5)
(node:275084) UnhandledPromiseRejectionWarning: Unhandled promise rejection. This error originated either by throwing inside of an async function without a catch block, or by rejecting a promise which was not handled with .catch(). To terminate the node process on unhandled promise rejection, use the CLI flag `--unhandled-rejections=strict` (see https://nodejs.org/api/cli.html#cli_unhandled_rejections_mode). (rejection id: 23)
(node:275084) UnhandledPromiseRejectionWarning: TypeError: Cannot set property 'x' of undefined
    at WebSocket.incoming (D:\dev\TableSpace\server\main.js:108:31)
    at WebSocket.emit (events.js:311:20)
    at Receiver.receiverOnMessage (D:\dev\TableSpace\server\node_modules\express-ws\node_modules\ws\lib\websocket.js:720:20)
    at Receiver.emit (events.js:311:20)
    at Receiver.dataMessage (D:\dev\TableSpace\server\node_modules\express-ws\node_modules\ws\lib\receiver.js:414:14)
    at Receiver.getData (D:\dev\TableSpace\server\node_modules\express-ws\node_modules\ws\lib\receiver.js:346:17)
    at Receiver.startLoop (D:\dev\TableSpace\server\node_modules\express-ws\node_modules\ws\lib\receiver.js:133:22)
    at Receiver._write (D:\dev\TableSpace\server\node_modules\express-ws\node_modules\ws\lib\receiver.js:69:10)
    at doWrite (_stream_writable.js:441:12)
    at writeOrBuffer (_stream_writable.js:425:5)
(node:275084) UnhandledPromiseRejectionWarning: Unhandled promise rejection. This error originated either by throwing inside of an async function without a catch block, or by rejecting a promise which was not handled with .catch(). To terminate the node process on unhandled promise rejection, use the CLI flag `--unhandled-rejections=strict` (see https://nodejs.org/api/cli.html#cli_unhandled_rejections_mode). (rejection id: 24)
(node:275084) UnhandledPromiseRejectionWarning: TypeError: Cannot set property 'x' of undefined
    at WebSocket.incoming (D:\dev\TableSpace\server\main.js:108:31)
    at WebSocket.emit (events.js:311:20)
    at Receiver.receiverOnMessage (D:\dev\TableSpace\server\node_modules\express-ws\node_modules\ws\lib\websocket.js:720:20)
    at Receiver.emit (events.js:311:20)
    at Receiver.dataMessage (D:\dev\TableSpace\server\node_modules\express-ws\node_modules\ws\lib\receiver.js:414:14)
    at Receiver.getData (D:\dev\TableSpace\server\node_modules\express-ws\node_modules\ws\lib\receiver.js:346:17)
    at Receiver.startLoop (D:\dev\TableSpace\server\node_modules\express-ws\node_modules\ws\lib\receiver.js:133:22)
    at Receiver._write (D:\dev\TableSpace\server\node_modules\express-ws\node_modules\ws\lib\receiver.js:69:10)
    at doWrite (_stream_writable.js:441:12)
    at writeOrBuffer (_stream_writable.js:425:5)
(node:275084) UnhandledPromiseRejectionWarning: Unhandled promise rejection. This error originated either by throwing inside of an async function without a catch block, or by rejecting a promise which was not handled with .catch(). To terminate the node process on unhandled promise rejection, use the CLI flag `--unhandled-rejections=strict` (see https://nodejs.org/api/cli.html#cli_unhandled_rejections_mode). (rejection id: 25)
(node:275084) UnhandledPromiseRejectionWarning: TypeError: Cannot set property 'x' of undefined
    at WebSocket.incoming (D:\dev\TableSpace\server\main.js:108:31)
    at WebSocket.emit (events.js:311:20)
    at Receiver.receiverOnMessage (D:\dev\TableSpace\server\node_modules\express-ws\node_modules\ws\lib\websocket.js:720:20)
    at Receiver.emit (events.js:311:20)
    at Receiver.dataMessage (D:\dev\TableSpace\server\node_modules\express-ws\node_modules\ws\lib\receiver.js:414:14)
    at Receiver.getData (D:\dev\TableSpace\server\node_modules\express-ws\node_modules\ws\lib\receiver.js:346:17)
    at Receiver.startLoop (D:\dev\TableSpace\server\node_modules\express-ws\node_modules\ws\lib\receiver.js:133:22)
    at Receiver._write (D:\dev\TableSpace\server\node_modules\express-ws\node_modules\ws\lib\receiver.js:69:10)
    at doWrite (_stream_writable.js:441:12)
    at writeOrBuffer (_stream_writable.js:425:5)
(node:275084) UnhandledPromiseRejectionWarning: Unhandled promise rejection. This error originated either by throwing inside of an async function without a catch block, or by rejecting a promise which was not handled with .catch(). To terminate the node process on unhandled promise rejection, use the CLI flag `--unhandled-rejections=strict` (see https://nodejs.org/api/cli.html#cli_unhandled_rejections_mode). (rejection id: 26)
(node:275084) UnhandledPromiseRejectionWarning: TypeError: Cannot set property 'x' of undefined
    at WebSocket.incoming (D:\dev\TableSpace\server\main.js:108:31)
    at WebSocket.emit (events.js:311:20)
    at Receiver.receiverOnMessage (D:\dev\TableSpace\server\node_modules\express-ws\node_modules\ws\lib\websocket.js:720:20)
    at Receiver.emit (events.js:311:20)
    at Receiver.dataMessage (D:\dev\TableSpace\server\node_modules\express-ws\node_modules\ws\lib\receiver.js:414:14)
    at Receiver.getData (D:\dev\TableSpace\server\node_modules\express-ws\node_modules\ws\lib\receiver.js:346:17)
    at Receiver.startLoop (D:\dev\TableSpace\server\node_modules\express-ws\node_modules\ws\lib\receiver.js:133:22)
    at Receiver._write (D:\dev\TableSpace\server\node_modules\express-ws\node_modules\ws\lib\receiver.js:69:10)
    at doWrite (_stream_writable.js:441:12)
    at writeOrBuffer (_stream_writable.js:425:5)
(node:275084) UnhandledPromiseRejectionWarning: Unhandled promise rejection. This error originated either by throwing inside of an async function without a catch block, or by rejecting a promise which was not handled with .catch(). To terminate the node process on unhandled promise rejection, use the CLI flag `--unhandled-rejections=strict` (see https://nodejs.org/api/cli.html#cli_unhandled_rejections_mode). (rejection id: 27)
(node:275084) UnhandledPromiseRejectionWarning: TypeError: Cannot set property 'x' of undefined
    at WebSocket.incoming (D:\dev\TableSpace\server\main.js:108:31)
    at WebSocket.emit (events.js:311:20)
    at Receiver.receiverOnMessage (D:\dev\TableSpace\server\node_modules\express-ws\node_modules\ws\lib\websocket.js:720:20)
    at Receiver.emit (events.js:311:20)
    at Receiver.dataMessage (D:\dev\TableSpace\server\node_modules\express-ws\node_modules\ws\lib\receiver.js:414:14)
    at Receiver.getData (D:\dev\TableSpace\server\node_modules\express-ws\node_modules\ws\lib\receiver.js:346:17)
    at Receiver.startLoop (D:\dev\TableSpace\server\node_modules\express-ws\node_modules\ws\lib\receiver.js:133:22)
    at Receiver._write (D:\dev\TableSpace\server\node_modules\express-ws\node_modules\ws\lib\receiver.js:69:10)
    at doWrite (_stream_writable.js:441:12)
    at writeOrBuffer (_stream_writable.js:425:5)
(node:275084) UnhandledPromiseRejectionWarning: Unhandled promise rejection. This error originated either by throwing inside of an async function without a catch block, or by rejecting a promise which was not handled with .catch(). To terminate the node process on unhandled promise rejection, use the CLI flag `--unhandled-rejections=strict` (see https://nodejs.org/api/cli.html#cli_unhandled_rejections_mode). (rejection id: 28)
(node:275084) UnhandledPromiseRejectionWarning: TypeError: Cannot set property 'x' of undefined
    at WebSocket.incoming (D:\dev\TableSpace\server\main.js:108:31)
    at WebSocket.emit (events.js:311:20)
    at Receiver.receiverOnMessage (D:\dev\TableSpace\server\node_modules\express-ws\node_modules\ws\lib\websocket.js:720:20)
    at Receiver.emit (events.js:311:20)
    at Receiver.dataMessage (D:\dev\TableSpace\server\node_modules\express-ws\node_modules\ws\lib\receiver.js:414:14)
    at Receiver.getData (D:\dev\TableSpace\server\node_modules\express-ws\node_modules\ws\lib\receiver.js:346:17)
    at Receiver.startLoop (D:\dev\TableSpace\server\node_modules\express-ws\node_modules\ws\lib\receiver.js:133:22)
    at Receiver._write (D:\dev\TableSpace\server\node_modules\express-ws\node_modules\ws\lib\receiver.js:69:10)
    at doWrite (_stream_writable.js:441:12)
    at writeOrBuffer (_stream_writable.js:425:5)
(node:275084) UnhandledPromiseRejectionWarning: Unhandled promise rejection. This error originated either by throwing inside of an async function without a catch block, or by rejecting a promise which was not handled with .catch(). To terminate the node process on unhandled promise rejection, use the CLI flag `--unhandled-rejections=strict` (see https://nodejs.org/api/cli.html#cli_unhandled_rejections_mode). (rejection id: 29)
